<?xml version="1.0" encoding="UTF-8"?>
<!-- Generated by org.testng.reporters.JUnitXMLReporter -->
<testsuite ignored="0" hostname="MOHAMMAD" failures="0" tests="4" name="UI Tests" time="232.128" errors="0" timestamp="2025-09-01T00:26:09 IST">
  <testcase classname="com.ecommerce.tests.LoginTest" name="testLogin" time="47.119"/>
  <testcase classname="com.ecommerce.tests.SearchTest" name="testSearchProduct" time="30.968"/>
  <testcase classname="com.ecommerce.tests.CartTest" name="testAddToCart" time="36.728"/>
  <testcase classname="com.ecommerce.tests.CheckoutTest" name="testCheckoutFlow" time="63.69"/>
</testsuite> <!-- UI Tests -->
