<?xml version="1.0" encoding="UTF-8"?>
<testng-results ignored="0" total="4" passed="4" failed="0" skipped="0">
  <reporter-output>
  </reporter-output>
  <suite started-at="2025-09-01T00:22:17 IST" name="EcommerceSuite" finished-at="2025-09-01T00:26:09 IST" duration-ms="232128">
    <groups>
    </groups>
    <test started-at="2025-09-01T00:22:17 IST" name="UI Tests" finished-at="2025-09-01T00:26:09 IST" duration-ms="232128">
      <class name="com.ecommerce.tests.CheckoutTest">
        <test-method is-config="true" signature="setUp()[pri:0, instance:com.ecommerce.tests.CheckoutTest@2a5c8d3f]" started-at="2025-09-01T00:24:54 IST" name="setUp" finished-at="2025-09-01T00:25:05 IST" duration-ms="11108" status="PASS">
          <reporter-output>
          </reporter-output>
        </test-method> <!-- setUp -->
        <test-method signature="testCheckoutFlow()[pri:0, instance:com.ecommerce.tests.CheckoutTest@2a5c8d3f]" started-at="2025-09-01T00:25:05 IST" name="testCheckoutFlow" finished-at="2025-09-01T00:26:08 IST" duration-ms="63690" status="PASS">
          <reporter-output>
          </reporter-output>
        </test-method> <!-- testCheckoutFlow -->
        <test-method is-config="true" signature="tearDown()[pri:0, instance:com.ecommerce.tests.CheckoutTest@2a5c8d3f]" started-at="2025-09-01T00:26:08 IST" name="tearDown" finished-at="2025-09-01T00:26:09 IST" duration-ms="449" status="PASS">
          <reporter-output>
          </reporter-output>
        </test-method> <!-- tearDown -->
      </class> <!-- com.ecommerce.tests.CheckoutTest -->
      <class name="com.ecommerce.tests.CartTest">
        <test-method is-config="true" signature="setUp()[pri:0, instance:com.ecommerce.tests.CartTest@3a52dba3]" started-at="2025-09-01T00:24:08 IST" name="setUp" finished-at="2025-09-01T00:24:17 IST" duration-ms="8963" status="PASS">
          <reporter-output>
          </reporter-output>
        </test-method> <!-- setUp -->
        <test-method signature="testAddToCart()[pri:0, instance:com.ecommerce.tests.CartTest@3a52dba3]" started-at="2025-09-01T00:24:17 IST" name="testAddToCart" finished-at="2025-09-01T00:24:54 IST" duration-ms="36728" status="PASS">
          <reporter-output>
          </reporter-output>
        </test-method> <!-- testAddToCart -->
      </class> <!-- com.ecommerce.tests.CartTest -->
      <class name="com.ecommerce.tests.LoginTest">
        <test-method is-config="true" signature="setUp(java.lang.String)[pri:0, instance:com.ecommerce.tests.LoginTest@4c12331b]" started-at="2025-09-01T00:22:17 IST" name="setUp" finished-at="2025-09-01T00:22:34 IST" duration-ms="17500" status="PASS">
          <params>
            <param index="0">
              <value>
                <![CDATA[chrome]]>
              </value>
            </param>
          </params>
          <reporter-output>
          </reporter-output>
        </test-method> <!-- setUp -->
        <test-method signature="testLogin()[pri:0, instance:com.ecommerce.tests.LoginTest@4c12331b]" started-at="2025-09-01T00:22:34 IST" name="testLogin" finished-at="2025-09-01T00:23:21 IST" duration-ms="47119" status="PASS">
          <reporter-output>
          </reporter-output>
        </test-method> <!-- testLogin -->
        <test-method is-config="true" signature="tearDown()[pri:0, instance:com.ecommerce.tests.LoginTest@4c12331b]" started-at="2025-09-01T00:23:21 IST" name="tearDown" finished-at="2025-09-01T00:23:22 IST" duration-ms="468" status="PASS">
          <reporter-output>
          </reporter-output>
        </test-method> <!-- tearDown -->
      </class> <!-- com.ecommerce.tests.LoginTest -->
      <class name="com.ecommerce.tests.SearchTest">
        <test-method is-config="true" signature="setUp(java.lang.String)[pri:0, instance:com.ecommerce.tests.SearchTest@24aed80c]" started-at="2025-09-01T00:23:22 IST" name="setUp" finished-at="2025-09-01T00:23:36 IST" duration-ms="14655" status="PASS">
          <params>
            <param index="0">
              <value>
                <![CDATA[chrome]]>
              </value>
            </param>
          </params>
          <reporter-output>
          </reporter-output>
        </test-method> <!-- setUp -->
        <test-method signature="testSearchProduct()[pri:0, instance:com.ecommerce.tests.SearchTest@24aed80c]" started-at="2025-09-01T00:23:36 IST" name="testSearchProduct" finished-at="2025-09-01T00:24:07 IST" duration-ms="30968" status="PASS">
          <reporter-output>
          </reporter-output>
        </test-method> <!-- testSearchProduct -->
        <test-method is-config="true" signature="tearDown()[pri:0, instance:com.ecommerce.tests.SearchTest@24aed80c]" started-at="2025-09-01T00:24:07 IST" name="tearDown" finished-at="2025-09-01T00:24:08 IST" duration-ms="397" status="PASS">
          <reporter-output>
          </reporter-output>
        </test-method> <!-- tearDown -->
      </class> <!-- com.ecommerce.tests.SearchTest -->
    </test> <!-- UI Tests -->
  </suite> <!-- EcommerceSuite -->
</testng-results>
